<?xml version="1.0" encoding="UTF-8"?>
<!-- Generated by org.testng.reporters.JUnitReportReporter -->
<testsuite hostname="DESKTOP-92UMK2U" failures="0" tests="1" name="TestCase.Login" time="7.726" errors="0" timestamp="2022-04-12T14:19:55 ALMT" skipped="0">
  <testcase classname="TestCase.Login" name="login" time="7.726"/>
  <system-out/>
</testsuite> <!-- TestCase.Login -->
